[2017-11-09 16:37:40] production.ERROR: exception 'PDOException' with message 'SQLSTATE[HY000] [1044] Access denied for user ''@'localhost' to database 'nhakhoabeauty'' in D:\Tony\work\project\cms_pro\vendor\laravel\framework\src\Illuminate\Database\Connectors\Connector.php:68
Stack trace:
#0 D:\Tony\work\project\cms_pro\vendor\laravel\framework\src\Illuminate\Database\Connectors\Connector.php(68): PDO->__construct('mysql:host=;dbn...', NULL, NULL, Array)
#1 D:\Tony\work\project\cms_pro\vendor\laravel\framework\src\Illuminate\Database\Connectors\Connector.php(45): Illuminate\Database\Connectors\Connector->createPdoConnection('mysql:host=;dbn...', NULL, NULL, Array)
#2 D:\Tony\work\project\cms_pro\vendor\laravel\framework\src\Illuminate\Database\Connectors\MySqlConnector.php(24): Illuminate\Database\Connectors\Connector->createConnection('mysql:host=;dbn...', Array, Array)
#3 D:\Tony\work\project\cms_pro\vendor\laravel\framework\src\Illuminate\Database\Connectors\ConnectionFactory.php(183): Illuminate\Database\Connectors\MySqlConnector->connect(Array)
#4 [internal function]: Illuminate\Database\Connectors\ConnectionFactory->Illuminate\Database\Connectors\{closure}()
#5 D:\Tony\work\project\cms_pro\vendor\laravel\framework\src\Illuminate\Database\Connection.php(883): call_user_func(Object(Closure))
#6 D:\Tony\work\project\cms_pro\vendor\laravel\framework\src\Illuminate\Database\Connection.php(904): Illuminate\Database\Connection->getPdo()
#7 D:\Tony\work\project\cms_pro\vendor\laravel\framework\src\Illuminate\Database\Connection.php(392): Illuminate\Database\Connection->getReadPdo()
#8 D:\Tony\work\project\cms_pro\vendor\laravel\framework\src\Illuminate\Database\Connection.php(318): Illuminate\Database\Connection->getPdoForSelect(true)
#9 D:\Tony\work\project\cms_pro\vendor\laravel\framework\src\Illuminate\Database\Connection.php(640): Illuminate\Database\Connection->Illuminate\Database\{closure}('select * from `...', Array)
#10 D:\Tony\work\project\cms_pro\vendor\laravel\framework\src\Illuminate\Database\Connection.php(607): Illuminate\Database\Connection->runQueryCallback('select * from `...', Array, Object(Closure))
#11 D:\Tony\work\project\cms_pro\vendor\laravel\framework\src\Illuminate\Database\Connection.php(326): Illuminate\Database\Connection->run('select * from `...', Array, Object(Closure))
#12 D:\Tony\work\project\cms_pro\vendor\laravel\framework\src\Illuminate\Database\Query\Builder.php(1706): Illuminate\Database\Connection->select('select * from `...', Array, true)
#13 D:\Tony\work\project\cms_pro\vendor\laravel\framework\src\Illuminate\Database\Query\Builder.php(1690): Illuminate\Database\Query\Builder->runSelect()
#14 D:\Tony\work\project\cms_pro\vendor\laravel\framework\src\Illuminate\Database\Eloquent\Builder.php(462): Illuminate\Database\Query\Builder->get(Array)
#15 D:\Tony\work\project\cms_pro\vendor\laravel\framework\src\Illuminate\Database\Eloquent\Builder.php(446): Illuminate\Database\Eloquent\Builder->getModels(Array)
#16 D:\Tony\work\project\cms_pro\vendor\laravel\framework\src\Illuminate\Database\Eloquent\Model.php(1374): Illuminate\Database\Eloquent\Builder->get()
#17 D:\Tony\work\project\cms_pro\app\Repositories\ConfigRepository.php(60): Illuminate\Database\Eloquent\Model->__call('get', Array)
#18 D:\Tony\work\project\cms_pro\app\Repositories\ConfigRepository.php(60): App\Models\Config->get()
#19 D:\Tony\work\project\cms_pro\app\Providers\AppServiceProvider.php(89): App\Repositories\ConfigRepository->init()
#20 [internal function]: App\Providers\AppServiceProvider->boot()
#21 D:\Tony\work\project\cms_pro\vendor\laravel\framework\src\Illuminate\Container\BoundMethod.php(30): call_user_func_array(Array, Array)
#22 D:\Tony\work\project\cms_pro\vendor\laravel\framework\src\Illuminate\Container\BoundMethod.php(87): Illuminate\Container\BoundMethod::Illuminate\Container\{closure}()
#23 D:\Tony\work\project\cms_pro\vendor\laravel\framework\src\Illuminate\Container\BoundMethod.php(31): Illuminate\Container\BoundMethod::callBoundMethod(Object(Illuminate\Foundation\Application), Array, Object(Closure))
#24 D:\Tony\work\project\cms_pro\vendor\laravel\framework\src\Illuminate\Container\Container.php(539): Illuminate\Container\BoundMethod::call(Object(Illuminate\Foundation\Application), Array, Array, NULL)
#25 D:\Tony\work\project\cms_pro\vendor\laravel\framework\src\Illuminate\Foundation\Application.php(788): Illuminate\Container\Container->call(Array)
#26 D:\Tony\work\project\cms_pro\vendor\laravel\framework\src\Illuminate\Foundation\Application.php(771): Illuminate\Foundation\Application->bootProvider(Object(App\Providers\AppServiceProvider))
#27 [internal function]: Illuminate\Foundation\Application->Illuminate\Foundation\{closure}(Object(App\Providers\AppServiceProvider), 14)
#28 D:\Tony\work\project\cms_pro\vendor\laravel\framework\src\Illuminate\Foundation\Application.php(772): array_walk(Array, Object(Closure))
#29 D:\Tony\work\project\cms_pro\vendor\laravel\framework\src\Illuminate\Foundation\Bootstrap\BootProviders.php(17): Illuminate\Foundation\Application->boot()
#30 D:\Tony\work\project\cms_pro\vendor\laravel\framework\src\Illuminate\Foundation\Application.php(208): Illuminate\Foundation\Bootstrap\BootProviders->bootstrap(Object(Illuminate\Foundation\Application))
#31 D:\Tony\work\project\cms_pro\vendor\laravel\framework\src\Illuminate\Foundation\Http\Kernel.php(162): Illuminate\Foundation\Application->bootstrapWith(Array)
#32 D:\Tony\work\project\cms_pro\vendor\laravel\framework\src\Illuminate\Foundation\Http\Kernel.php(146): Illuminate\Foundation\Http\Kernel->bootstrap()
#33 D:\Tony\work\project\cms_pro\vendor\laravel\framework\src\Illuminate\Foundation\Http\Kernel.php(116): Illuminate\Foundation\Http\Kernel->sendRequestThroughRouter(Object(Illuminate\Http\Request))
#34 D:\Tony\work\project\cms_pro\public\index.php(62): Illuminate\Foundation\Http\Kernel->handle(Object(Illuminate\Http\Request))
#35 {main}  
[2017-11-09 16:37:40] production.ERROR: exception 'PDOException' with message 'SQLSTATE[HY000] [1044] Access denied for user ''@'localhost' to database 'nhakhoabeauty'' in D:\Tony\work\project\cms_pro\vendor\laravel\framework\src\Illuminate\Database\Connectors\Connector.php:68
Stack trace:
#0 D:\Tony\work\project\cms_pro\vendor\laravel\framework\src\Illuminate\Database\Connectors\Connector.php(68): PDO->__construct('mysql:host=;dbn...', NULL, NULL, Array)
#1 D:\Tony\work\project\cms_pro\vendor\laravel\framework\src\Illuminate\Database\Connectors\Connector.php(45): Illuminate\Database\Connectors\Connector->createPdoConnection('mysql:host=;dbn...', NULL, NULL, Array)
#2 D:\Tony\work\project\cms_pro\vendor\laravel\framework\src\Illuminate\Database\Connectors\MySqlConnector.php(24): Illuminate\Database\Connectors\Connector->createConnection('mysql:host=;dbn...', Array, Array)
#3 D:\Tony\work\project\cms_pro\vendor\laravel\framework\src\Illuminate\Database\Connectors\ConnectionFactory.php(183): Illuminate\Database\Connectors\MySqlConnector->connect(Array)
#4 [internal function]: Illuminate\Database\Connectors\ConnectionFactory->Illuminate\Database\Connectors\{closure}()
#5 D:\Tony\work\project\cms_pro\vendor\laravel\framework\src\Illuminate\Database\Connection.php(883): call_user_func(Object(Closure))
#6 D:\Tony\work\project\cms_pro\vendor\laravel\framework\src\Illuminate\Database\Connection.php(904): Illuminate\Database\Connection->getPdo()
#7 D:\Tony\work\project\cms_pro\vendor\laravel\framework\src\Illuminate\Database\Connection.php(392): Illuminate\Database\Connection->getReadPdo()
#8 D:\Tony\work\project\cms_pro\vendor\laravel\framework\src\Illuminate\Database\Connection.php(318): Illuminate\Database\Connection->getPdoForSelect(true)
#9 D:\Tony\work\project\cms_pro\vendor\laravel\framework\src\Illuminate\Database\Connection.php(640): Illuminate\Database\Connection->Illuminate\Database\{closure}('select * from `...', Array)
#10 D:\Tony\work\project\cms_pro\vendor\laravel\framework\src\Illuminate\Database\Connection.php(607): Illuminate\Database\Connection->runQueryCallback('select * from `...', Array, Object(Closure))
#11 D:\Tony\work\project\cms_pro\vendor\laravel\framework\src\Illuminate\Database\Connection.php(326): Illuminate\Database\Connection->run('select * from `...', Array, Object(Closure))
#12 D:\Tony\work\project\cms_pro\vendor\laravel\framework\src\Illuminate\Database\Query\Builder.php(1706): Illuminate\Database\Connection->select('select * from `...', Array, true)
#13 D:\Tony\work\project\cms_pro\vendor\laravel\framework\src\Illuminate\Database\Query\Builder.php(1690): Illuminate\Database\Query\Builder->runSelect()
#14 D:\Tony\work\project\cms_pro\vendor\laravel\framework\src\Illuminate\Database\Eloquent\Builder.php(462): Illuminate\Database\Query\Builder->get(Array)
#15 D:\Tony\work\project\cms_pro\vendor\laravel\framework\src\Illuminate\Database\Eloquent\Builder.php(446): Illuminate\Database\Eloquent\Builder->getModels(Array)
#16 D:\Tony\work\project\cms_pro\vendor\laravel\framework\src\Illuminate\Database\Eloquent\Model.php(1374): Illuminate\Database\Eloquent\Builder->get()
#17 D:\Tony\work\project\cms_pro\app\Repositories\ConfigRepository.php(60): Illuminate\Database\Eloquent\Model->__call('get', Array)
#18 D:\Tony\work\project\cms_pro\app\Repositories\ConfigRepository.php(60): App\Models\Config->get()
#19 D:\Tony\work\project\cms_pro\app\Providers\AppServiceProvider.php(89): App\Repositories\ConfigRepository->init()
#20 [internal function]: App\Providers\AppServiceProvider->boot()
#21 D:\Tony\work\project\cms_pro\vendor\laravel\framework\src\Illuminate\Container\BoundMethod.php(30): call_user_func_array(Array, Array)
#22 D:\Tony\work\project\cms_pro\vendor\laravel\framework\src\Illuminate\Container\BoundMethod.php(87): Illuminate\Container\BoundMethod::Illuminate\Container\{closure}()
#23 D:\Tony\work\project\cms_pro\vendor\laravel\framework\src\Illuminate\Container\BoundMethod.php(31): Illuminate\Container\BoundMethod::callBoundMethod(Object(Illuminate\Foundation\Application), Array, Object(Closure))
#24 D:\Tony\work\project\cms_pro\vendor\laravel\framework\src\Illuminate\Container\Container.php(539): Illuminate\Container\BoundMethod::call(Object(Illuminate\Foundation\Application), Array, Array, NULL)
#25 D:\Tony\work\project\cms_pro\vendor\laravel\framework\src\Illuminate\Foundation\Application.php(788): Illuminate\Container\Container->call(Array)
#26 D:\Tony\work\project\cms_pro\vendor\laravel\framework\src\Illuminate\Foundation\Application.php(771): Illuminate\Foundation\Application->bootProvider(Object(App\Providers\AppServiceProvider))
#27 [internal function]: Illuminate\Foundation\Application->Illuminate\Foundation\{closure}(Object(App\Providers\AppServiceProvider), 14)
#28 D:\Tony\work\project\cms_pro\vendor\laravel\framework\src\Illuminate\Foundation\Application.php(772): array_walk(Array, Object(Closure))
#29 D:\Tony\work\project\cms_pro\vendor\laravel\framework\src\Illuminate\Foundation\Bootstrap\BootProviders.php(17): Illuminate\Foundation\Application->boot()
#30 D:\Tony\work\project\cms_pro\vendor\laravel\framework\src\Illuminate\Foundation\Application.php(208): Illuminate\Foundation\Bootstrap\BootProviders->bootstrap(Object(Illuminate\Foundation\Application))
#31 D:\Tony\work\project\cms_pro\vendor\laravel\framework\src\Illuminate\Foundation\Http\Kernel.php(162): Illuminate\Foundation\Application->bootstrapWith(Array)
#32 D:\Tony\work\project\cms_pro\vendor\laravel\framework\src\Illuminate\Foundation\Http\Kernel.php(146): Illuminate\Foundation\Http\Kernel->bootstrap()
#33 D:\Tony\work\project\cms_pro\vendor\laravel\framework\src\Illuminate\Foundation\Http\Kernel.php(116): Illuminate\Foundation\Http\Kernel->sendRequestThroughRouter(Object(Illuminate\Http\Request))
#34 D:\Tony\work\project\cms_pro\public\index.php(62): Illuminate\Foundation\Http\Kernel->handle(Object(Illuminate\Http\Request))
#35 {main}

Next exception 'Illuminate\Database\QueryException' with message 'SQLSTATE[HY000] [1044] Access denied for user ''@'localhost' to database 'nhakhoabeauty' (SQL: select * from `configs`)' in D:\Tony\work\project\cms_pro\vendor\laravel\framework\src\Illuminate\Database\Connection.php:647
Stack trace:
#0 D:\Tony\work\project\cms_pro\vendor\laravel\framework\src\Illuminate\Database\Connection.php(607): Illuminate\Database\Connection->runQueryCallback('select * from `...', Array, Object(Closure))
#1 D:\Tony\work\project\cms_pro\vendor\laravel\framework\src\Illuminate\Database\Connection.php(326): Illuminate\Database\Connection->run('select * from `...', Array, Object(Closure))
#2 D:\Tony\work\project\cms_pro\vendor\laravel\framework\src\Illuminate\Database\Query\Builder.php(1706): Illuminate\Database\Connection->select('select * from `...', Array, true)
#3 D:\Tony\work\project\cms_pro\vendor\laravel\framework\src\Illuminate\Database\Query\Builder.php(1690): Illuminate\Database\Query\Builder->runSelect()
#4 D:\Tony\work\project\cms_pro\vendor\laravel\framework\src\Illuminate\Database\Eloquent\Builder.php(462): Illuminate\Database\Query\Builder->get(Array)
#5 D:\Tony\work\project\cms_pro\vendor\laravel\framework\src\Illuminate\Database\Eloquent\Builder.php(446): Illuminate\Database\Eloquent\Builder->getModels(Array)
#6 D:\Tony\work\project\cms_pro\vendor\laravel\framework\src\Illuminate\Database\Eloquent\Model.php(1374): Illuminate\Database\Eloquent\Builder->get()
#7 D:\Tony\work\project\cms_pro\app\Repositories\ConfigRepository.php(60): Illuminate\Database\Eloquent\Model->__call('get', Array)
#8 D:\Tony\work\project\cms_pro\app\Repositories\ConfigRepository.php(60): App\Models\Config->get()
#9 D:\Tony\work\project\cms_pro\app\Providers\AppServiceProvider.php(89): App\Repositories\ConfigRepository->init()
#10 [internal function]: App\Providers\AppServiceProvider->boot()
#11 D:\Tony\work\project\cms_pro\vendor\laravel\framework\src\Illuminate\Container\BoundMethod.php(30): call_user_func_array(Array, Array)
#12 D:\Tony\work\project\cms_pro\vendor\laravel\framework\src\Illuminate\Container\BoundMethod.php(87): Illuminate\Container\BoundMethod::Illuminate\Container\{closure}()
#13 D:\Tony\work\project\cms_pro\vendor\laravel\framework\src\Illuminate\Container\BoundMethod.php(31): Illuminate\Container\BoundMethod::callBoundMethod(Object(Illuminate\Foundation\Application), Array, Object(Closure))
#14 D:\Tony\work\project\cms_pro\vendor\laravel\framework\src\Illuminate\Container\Container.php(539): Illuminate\Container\BoundMethod::call(Object(Illuminate\Foundation\Application), Array, Array, NULL)
#15 D:\Tony\work\project\cms_pro\vendor\laravel\framework\src\Illuminate\Foundation\Application.php(788): Illuminate\Container\Container->call(Array)
#16 D:\Tony\work\project\cms_pro\vendor\laravel\framework\src\Illuminate\Foundation\Application.php(771): Illuminate\Foundation\Application->bootProvider(Object(App\Providers\AppServiceProvider))
#17 [internal function]: Illuminate\Foundation\Application->Illuminate\Foundation\{closure}(Object(App\Providers\AppServiceProvider), 14)
#18 D:\Tony\work\project\cms_pro\vendor\laravel\framework\src\Illuminate\Foundation\Application.php(772): array_walk(Array, Object(Closure))
#19 D:\Tony\work\project\cms_pro\vendor\laravel\framework\src\Illuminate\Foundation\Bootstrap\BootProviders.php(17): Illuminate\Foundation\Application->boot()
#20 D:\Tony\work\project\cms_pro\vendor\laravel\framework\src\Illuminate\Foundation\Application.php(208): Illuminate\Foundation\Bootstrap\BootProviders->bootstrap(Object(Illuminate\Foundation\Application))
#21 D:\Tony\work\project\cms_pro\vendor\laravel\framework\src\Illuminate\Foundation\Http\Kernel.php(162): Illuminate\Foundation\Application->bootstrapWith(Array)
#22 D:\Tony\work\project\cms_pro\vendor\laravel\framework\src\Illuminate\Foundation\Http\Kernel.php(146): Illuminate\Foundation\Http\Kernel->bootstrap()
#23 D:\Tony\work\project\cms_pro\vendor\laravel\framework\src\Illuminate\Foundation\Http\Kernel.php(116): Illuminate\Foundation\Http\Kernel->sendRequestThroughRouter(Object(Illuminate\Http\Request))
#24 D:\Tony\work\project\cms_pro\public\index.php(62): Illuminate\Foundation\Http\Kernel->handle(Object(Illuminate\Http\Request))
#25 {main}  
[2017-11-09 16:37:40] production.ERROR: exception 'InvalidArgumentException' with message 'Route [home_page] not defined.' in D:\Tony\work\project\cms_pro\vendor\laravel\framework\src\Illuminate\Routing\UrlGenerator.php:304
Stack trace:
#0 D:\Tony\work\project\cms_pro\vendor\laravel\framework\src\Illuminate\Foundation\helpers.php(709): Illuminate\Routing\UrlGenerator->route('home_page', Array, true)
#1 D:\Tony\work\project\cms_pro\storage\framework\views\b301c9cadb0ffd46483658ebc353a548c5e425df.php(8): route('home_page')
#2 D:\Tony\work\project\cms_pro\vendor\laravel\framework\src\Illuminate\View\Engines\PhpEngine.php(42): include('D:\\Tony\\work\\pr...')
#3 D:\Tony\work\project\cms_pro\vendor\laravel\framework\src\Illuminate\View\Engines\CompilerEngine.php(59): Illuminate\View\Engines\PhpEngine->evaluatePath('D:\\Tony\\work\\pr...', Array)
#4 D:\Tony\work\project\cms_pro\vendor\laravel\framework\src\Illuminate\View\View.php(137): Illuminate\View\Engines\CompilerEngine->get('D:\\Tony\\work\\pr...', Array)
#5 D:\Tony\work\project\cms_pro\vendor\laravel\framework\src\Illuminate\View\View.php(120): Illuminate\View\View->getContents()
#6 D:\Tony\work\project\cms_pro\vendor\laravel\framework\src\Illuminate\View\View.php(85): Illuminate\View\View->renderContents()
#7 D:\Tony\work\project\cms_pro\storage\framework\views\5bd4f95ee2867f4d6c79987f48a0d393a372c8c7.php(22): Illuminate\View\View->render()
#8 D:\Tony\work\project\cms_pro\vendor\laravel\framework\src\Illuminate\View\Engines\PhpEngine.php(42): include('D:\\Tony\\work\\pr...')
#9 D:\Tony\work\project\cms_pro\vendor\laravel\framework\src\Illuminate\View\Engines\CompilerEngine.php(59): Illuminate\View\Engines\PhpEngine->evaluatePath('D:\\Tony\\work\\pr...', Array)
#10 D:\Tony\work\project\cms_pro\vendor\laravel\framework\src\Illuminate\View\View.php(137): Illuminate\View\Engines\CompilerEngine->get('D:\\Tony\\work\\pr...', Array)
#11 D:\Tony\work\project\cms_pro\vendor\laravel\framework\src\Illuminate\View\View.php(120): Illuminate\View\View->getContents()
#12 D:\Tony\work\project\cms_pro\vendor\laravel\framework\src\Illuminate\View\View.php(85): Illuminate\View\View->renderContents()
#13 D:\Tony\work\project\cms_pro\vendor\laravel\framework\src\Illuminate\Http\Response.php(38): Illuminate\View\View->render()
#14 D:\Tony\work\project\cms_pro\vendor\symfony\http-foundation\Response.php(199): Illuminate\Http\Response->setContent(Object(Illuminate\View\View))
#15 D:\Tony\work\project\cms_pro\vendor\laravel\framework\src\Illuminate\Routing\ResponseFactory.php(55): Symfony\Component\HttpFoundation\Response->__construct(Object(Illuminate\View\View), 404, Array)
#16 D:\Tony\work\project\cms_pro\vendor\laravel\framework\src\Illuminate\Routing\ResponseFactory.php(69): Illuminate\Routing\ResponseFactory->make(Object(Illuminate\View\View), 404, Array)
#17 D:\Tony\work\project\cms_pro\app\Exceptions\Handler.php(60): Illuminate\Routing\ResponseFactory->view('errors.general', Array, 404)
#18 D:\Tony\work\project\cms_pro\vendor\laravel\framework\src\Illuminate\Foundation\Http\Kernel.php(326): App\Exceptions\Handler->render(Object(Illuminate\Http\Request), Object(Illuminate\Database\QueryException))
#19 D:\Tony\work\project\cms_pro\vendor\laravel\framework\src\Illuminate\Foundation\Http\Kernel.php(120): Illuminate\Foundation\Http\Kernel->renderException(Object(Illuminate\Http\Request), Object(Illuminate\Database\QueryException))
#20 D:\Tony\work\project\cms_pro\public\index.php(62): Illuminate\Foundation\Http\Kernel->handle(Object(Illuminate\Http\Request))
#21 {main}

Next exception 'ErrorException' with message 'Route [home_page] not defined. (View: D:\Tony\work\project\cms_pro\resources\views\frontend\layouts\main_content.blade.php)' in D:\Tony\work\project\cms_pro\vendor\laravel\framework\src\Illuminate\Routing\UrlGenerator.php:304
Stack trace:
#0 D:\Tony\work\project\cms_pro\vendor\laravel\framework\src\Illuminate\View\Engines\PhpEngine.php(44): Illuminate\View\Engines\CompilerEngine->handleViewException(Object(InvalidArgumentException), 2)
#1 D:\Tony\work\project\cms_pro\vendor\laravel\framework\src\Illuminate\View\Engines\CompilerEngine.php(59): Illuminate\View\Engines\PhpEngine->evaluatePath('D:\\Tony\\work\\pr...', Array)
#2 D:\Tony\work\project\cms_pro\vendor\laravel\framework\src\Illuminate\View\View.php(137): Illuminate\View\Engines\CompilerEngine->get('D:\\Tony\\work\\pr...', Array)
#3 D:\Tony\work\project\cms_pro\vendor\laravel\framework\src\Illuminate\View\View.php(120): Illuminate\View\View->getContents()
#4 D:\Tony\work\project\cms_pro\vendor\laravel\framework\src\Illuminate\View\View.php(85): Illuminate\View\View->renderContents()
#5 D:\Tony\work\project\cms_pro\storage\framework\views\5bd4f95ee2867f4d6c79987f48a0d393a372c8c7.php(22): Illuminate\View\View->render()
#6 D:\Tony\work\project\cms_pro\vendor\laravel\framework\src\Illuminate\View\Engines\PhpEngine.php(42): include('D:\\Tony\\work\\pr...')
#7 D:\Tony\work\project\cms_pro\vendor\laravel\framework\src\Illuminate\View\Engines\CompilerEngine.php(59): Illuminate\View\Engines\PhpEngine->evaluatePath('D:\\Tony\\work\\pr...', Array)
#8 D:\Tony\work\project\cms_pro\vendor\laravel\framework\src\Illuminate\View\View.php(137): Illuminate\View\Engines\CompilerEngine->get('D:\\Tony\\work\\pr...', Array)
#9 D:\Tony\work\project\cms_pro\vendor\laravel\framework\src\Illuminate\View\View.php(120): Illuminate\View\View->getContents()
#10 D:\Tony\work\project\cms_pro\vendor\laravel\framework\src\Illuminate\View\View.php(85): Illuminate\View\View->renderContents()
#11 D:\Tony\work\project\cms_pro\vendor\laravel\framework\src\Illuminate\Http\Response.php(38): Illuminate\View\View->render()
#12 D:\Tony\work\project\cms_pro\vendor\symfony\http-foundation\Response.php(199): Illuminate\Http\Response->setContent(Object(Illuminate\View\View))
#13 D:\Tony\work\project\cms_pro\vendor\laravel\framework\src\Illuminate\Routing\ResponseFactory.php(55): Symfony\Component\HttpFoundation\Response->__construct(Object(Illuminate\View\View), 404, Array)
#14 D:\Tony\work\project\cms_pro\vendor\laravel\framework\src\Illuminate\Routing\ResponseFactory.php(69): Illuminate\Routing\ResponseFactory->make(Object(Illuminate\View\View), 404, Array)
#15 D:\Tony\work\project\cms_pro\app\Exceptions\Handler.php(60): Illuminate\Routing\ResponseFactory->view('errors.general', Array, 404)
#16 D:\Tony\work\project\cms_pro\vendor\laravel\framework\src\Illuminate\Foundation\Http\Kernel.php(326): App\Exceptions\Handler->render(Object(Illuminate\Http\Request), Object(Illuminate\Database\QueryException))
#17 D:\Tony\work\project\cms_pro\vendor\laravel\framework\src\Illuminate\Foundation\Http\Kernel.php(120): Illuminate\Foundation\Http\Kernel->renderException(Object(Illuminate\Http\Request), Object(Illuminate\Database\QueryException))
#18 D:\Tony\work\project\cms_pro\public\index.php(62): Illuminate\Foundation\Http\Kernel->handle(Object(Illuminate\Http\Request))
#19 {main}

Next exception 'ErrorException' with message 'Route [home_page] not defined. (View: D:\Tony\work\project\cms_pro\resources\views\frontend\layouts\main_content.blade.php) (View: D:\Tony\work\project\cms_pro\resources\views\frontend\layouts\main_content.blade.php)' in D:\Tony\work\project\cms_pro\vendor\laravel\framework\src\Illuminate\Routing\UrlGenerator.php:304
Stack trace:
#0 D:\Tony\work\project\cms_pro\vendor\laravel\framework\src\Illuminate\View\Engines\PhpEngine.php(44): Illuminate\View\Engines\CompilerEngine->handleViewException(Object(ErrorException), 1)
#1 D:\Tony\work\project\cms_pro\vendor\laravel\framework\src\Illuminate\View\Engines\CompilerEngine.php(59): Illuminate\View\Engines\PhpEngine->evaluatePath('D:\\Tony\\work\\pr...', Array)
#2 D:\Tony\work\project\cms_pro\vendor\laravel\framework\src\Illuminate\View\View.php(137): Illuminate\View\Engines\CompilerEngine->get('D:\\Tony\\work\\pr...', Array)
#3 D:\Tony\work\project\cms_pro\vendor\laravel\framework\src\Illuminate\View\View.php(120): Illuminate\View\View->getContents()
#4 D:\Tony\work\project\cms_pro\vendor\laravel\framework\src\Illuminate\View\View.php(85): Illuminate\View\View->renderContents()
#5 D:\Tony\work\project\cms_pro\vendor\laravel\framework\src\Illuminate\Http\Response.php(38): Illuminate\View\View->render()
#6 D:\Tony\work\project\cms_pro\vendor\symfony\http-foundation\Response.php(199): Illuminate\Http\Response->setContent(Object(Illuminate\View\View))
#7 D:\Tony\work\project\cms_pro\vendor\laravel\framework\src\Illuminate\Routing\ResponseFactory.php(55): Symfony\Component\HttpFoundation\Response->__construct(Object(Illuminate\View\View), 404, Array)
#8 D:\Tony\work\project\cms_pro\vendor\laravel\framework\src\Illuminate\Routing\ResponseFactory.php(69): Illuminate\Routing\ResponseFactory->make(Object(Illuminate\View\View), 404, Array)
#9 D:\Tony\work\project\cms_pro\app\Exceptions\Handler.php(60): Illuminate\Routing\ResponseFactory->view('errors.general', Array, 404)
#10 D:\Tony\work\project\cms_pro\vendor\laravel\framework\src\Illuminate\Foundation\Http\Kernel.php(326): App\Exceptions\Handler->render(Object(Illuminate\Http\Request), Object(Illuminate\Database\QueryException))
#11 D:\Tony\work\project\cms_pro\vendor\laravel\framework\src\Illuminate\Foundation\Http\Kernel.php(120): Illuminate\Foundation\Http\Kernel->renderException(Object(Illuminate\Http\Request), Object(Illuminate\Database\QueryException))
#12 D:\Tony\work\project\cms_pro\public\index.php(62): Illuminate\Foundation\Http\Kernel->handle(Object(Illuminate\Http\Request))
#13 {main}  
[2017-11-09 16:37:40] production.ERROR: exception 'Symfony\Component\Debug\Exception\FatalErrorException' with message 'Uncaught exception 'InvalidArgumentException' with message 'Route [home_page] not defined.' in D:\Tony\work\project\cms_pro\vendor\laravel\framework\src\Illuminate\Routing\UrlGenerator.php:304
Stack trace:
#0 D:\Tony\work\project\cms_pro\vendor\laravel\framework\src\Illuminate\Foundation\helpers.php(709): Illuminate\Routing\UrlGenerator->route('home_page', Array, true)
#1 D:\Tony\work\project\cms_pro\storage\framework\views\b301c9cadb0ffd46483658ebc353a548c5e425df.php(8): route('home_page')
#2 D:\Tony\work\project\cms_pro\vendor\laravel\framework\src\Illuminate\View\Engines\PhpEngine.php(42): include('D:\\Tony\\work\\pr...')
#3 D:\Tony\work\project\cms_pro\vendor\laravel\framework\src\Illuminate\View\Engines\CompilerEngine.php(59): Illuminate\View\Engines\PhpEngine->evaluatePath('D:\\Tony\\work\\pr...', Array)
#4 D:\Tony\work\project\cms_pro\vendor\laravel\framework\src\Illuminate\View\View.php(137): Illuminate\View\Engines\CompilerEngine->get('D:\\Tony\\work\\pr...', Array)
#5 D:\Tony\work\project\cms_pro\ve' in D:\Tony\work\project\cms_pro\vendor\laravel\framework\src\Illuminate\Routing\UrlGenerator.php:304
Stack trace:
#0 {main}  
